20/Dec/2023 13:28:09  Build version: 2022.4 Release from 2022-04-26 (change 967892)

20/Dec/2023 13:28:09  Starting adaptive port meshing.
                      
                      ------------------------------------------------------------------------------
20/Dec/2023 13:28:09  Mode calculation for port 1:
                      
                      ------------------------------------------------------------------------------

                      ------------------------------------------------------------------------------

                      ------------------------------------------------------------------------------
20/Dec/2023 13:28:10  Using generalized port mode solver.
                      
                      ------------------------------------------------------------------------------
20/Dec/2023 13:28:10  Using electric shielding for port 1.
                      
                      ------------------------------------------------------------------------------
20/Dec/2023 13:28:11  Port mode solver: Detected dispersive material(s) at port 1. 
                      Using a constant approximation of dispersive material(s) at 2.4 GHz and neglecting loss terms.  More...
                      
                      ------------------------------------------------------------------------------
20/Dec/2023 13:28:11    -------------------------------- F-Calc 2.4 --------------------------------
                        Port   Mode   Type        Z-Wave        Z-Wave-Sigma  Z-Line        F-Cutoff
                        1      1      QTEM        204           2.84e-014     45.8          ---
                        ----------------------------------------------------------------------------
                      
20/Dec/2023 13:28:12  Pass 1 successfully completed. 

                      ------------------------------------------------------------------------------

                      ------------------------------------------------------------------------------
20/Dec/2023 13:28:14    -------------------------------- F-Calc 2.4 --------------------------------
                        Port   Mode   Type        Z-Wave        Z-Wave-Sigma  Z-Line        F-Cutoff
                        1      1      QTEM        207           0.0246        48.2          ---
                        ----------------------------------------------------------------------------
                      
20/Dec/2023 13:28:15  Pass 2 successfully completed. Delta (Line Imp.): 5.16%

                      ------------------------------------------------------------------------------

                      ------------------------------------------------------------------------------
20/Dec/2023 13:28:17    -------------------------------- F-Calc 2.4 --------------------------------
                        Port   Mode   Type        Z-Wave        Z-Wave-Sigma  Z-Line        F-Cutoff
                        1      1      QTEM        212           0.067         48.9          ---
                        ----------------------------------------------------------------------------
                      
20/Dec/2023 13:28:18  Pass 3 successfully completed. Delta (Line Imp.): 1.42%

                      ------------------------------------------------------------------------------

                      ------------------------------------------------------------------------------
20/Dec/2023 13:28:21    -------------------------------- F-Calc 2.4 --------------------------------
                        Port   Mode   Type        Z-Wave        Z-Wave-Sigma  Z-Line        F-Cutoff
                        1      1      QTEM        229           17.5          49.2          ---
                        ----------------------------------------------------------------------------
                      
20/Dec/2023 13:28:22  Pass 4 successfully completed. Delta (Line Imp.): 0.59%
20/Dec/2023 13:28:22  Adaptive port meshing finished. 
                      
                      ------------------------------------------------------------------------------
20/Dec/2023 13:28:22  *** Warning ***
                      
                      This software is licensed for personal and educational purposes only.
                      
                      ------------------------------------------------------------------------------
20/Dec/2023 13:28:23  The following farfield monitor(s) have been adjusted to model box [-60.2771,
                      60.2771, -10.4095, 97.9724, -3.50418, 21.4575].
                        farfield (f=2.4). More...
                      
                      ------------------------------------------------------------------------------
20/Dec/2023 13:28:23  
                      Solver started at: 01:28 PM Wednesday, 20. December 2023 (Hora oficial do Brasil)
                      
                        Module:  Time Domain: S-Parameter (Win 64)
                        Version: 2022.4 Release from 2022-04-26 (change 967892)
                      

                      ------------------------------------------------------------------------------

                      ------------------------------------------------------------------------------
20/Dec/2023 13:28:23  ======================================================================
                       Solver cycle: 1
                      ======================================================================
                      
                      Stimulation at port 1 (mode 1) 
                      
                      
                      
                      ------------------------------------------------------------------------------
20/Dec/2023 13:28:23  Units settings: 
                      
                        Dimensions: mm
                        Frequency:  GHz
                        Time:       ns
                      
                      ------------------------------------------------------------------------------
20/Dec/2023 13:28:23  The dispersive material update [Automatic] will be performed using the "Standard" update schema
                      
                      ------------------------------------------------------------------------------
20/Dec/2023 13:28:29  Mesh statistics:
                      
                         Hexahedral mesh type: PERFECT BOUNDARY APPROXIMATION (PBA) (R)
                            Version: default
                      
                         Parallelization type: domain decomposition
                            Number of parallel working threads: 1
                            Number of calculation domains used: 1
                      
                         Used point accuracy enhancement value: 75.00%.
                         Acceleration mode: CPU
                         PBA fill limit: 99.00% (inverse)

20/Dec/2023 13:28:30  Using generalized port mode solver.
                      
                      ------------------------------------------------------------------------------
20/Dec/2023 13:28:30  Using electric shielding for port 1.
                      
                      ------------------------------------------------------------------------------
20/Dec/2023 13:28:31  Port mode solver: Detected dispersive material(s) at port 1. 
                      Using a constant approximation of dispersive material(s) at 2.4 GHz and neglecting loss terms.  More...
                      
                      ------------------------------------------------------------------------------
20/Dec/2023 13:28:31  Boundary conditions: 
                      
                        YZsymmetry: none
                        XZsymmetry: none
                        XYsymmetry: none
                      
                        Xmin: expanded open, 4 Layer, depth 35.6868 mm
                        Xmax: expanded open, 4 Layer, depth 35.6868 mm
                      
                        Ymin: expanded open, 4 Layer, depth 41.6378 mm
                        Ymax: expanded open, 4 Layer, depth 41.6378 mm
                      
                        Zmin: expanded open, 4 Layer, depth 35.964 mm
                        Zmax: expanded open, 4 Layer, depth 41.6378 mm
                      
                        PML-Type: Convolution PML
                      
                      ------------------------------------------------------------------------------
20/Dec/2023 13:28:31  Frequency settings: 
                      
                        Fmin:         2
                        Fmax:         2.8
                        Nfsteps(lin): 1001
                      
                      ------------------------------------------------------------------------------
20/Dec/2023 13:28:31  Field update statistics:
                      
                        Number of components in total: 	283011
                        Number of TST elements:		197
                        Number of lossy metal components:	2135
                        Number of disp. elements:		10436
                      
                      Subcycling state:      Automatically deactivated
                      
                      ------------------------------------------------------------------------------
20/Dec/2023 13:28:31  Waveguide boundaries:
                      
20/Dec/2023 13:28:31  Port: 1
                      
20/Dec/2023 13:28:31    -------------------------------- F-Calc 2.4 --------------------------------
                        Port   Mode   Type        Z-Wave        Z-Wave-Sigma  Z-Line        F-Cutoff
                        1      1      QTEM        204           4.02e-014     49.2          ---
                        ----------------------------------------------------------------------------
                      
20/Dec/2023 13:28:32  Using standard absorber for unconsidered modes at port 1.
                      
                      ------------------------------------------------------------------------------
20/Dec/2023 13:28:45  
                      --------------------------------------------------------------------------------
20/Dec/2023 13:28:45  Steady state energy criterion met, solver finished successfully.
                      
                      ------------------------------------------------------------------------------
20/Dec/2023 13:28:45  Frequency domain results normalized to default signal.
                      
                      
                      ------------------------------------------------------------------------------
20/Dec/2023 13:28:45  
                        ----------------------------------------------------------------------------
                                            Peak memory used (kB)         Free physical memory (kB) 
                                                                          At begin     Minimum      
                        ----------------------------------------------------------------------------
                        CAD preparation     19752                         2931868      2931868      
                        Matrices calc.      69335                         2892578      2867187      
                        Solver run total    81384                         2954000      2870152      
                        ----------------------------------------------------------------------------
                      
                      --------------------------------------------------------------------------------
                      Solver Statistics:
                      
                        Hardware:
                           Computer name:                 	SEN001887 
                      
                           Number of CPU threads:               4
                           Hardware info:                  	Hardware Accelerator Device not activated
                      
                        Number of mesh cells:             	44744
                        Excitation duration:              	8.88637187e+000 ns 
                        Calculation time for excitation:  	5 	s
                        Number of calculated pulse widths:	2.26917 
                        Steady state accuracy limit:      	-40	dB 
                        Simulated number of time steps:   	12141 
                        Maximum number of time steps:     	107008 
                        Time step width:
                           without subcycles:             	1.660876785e-003 ns
                           used:                          	1.660876785e-003 ns
                      
                        CAD preparation time:             	0      	s
                        Matrix calculation time:          	6 	s
                        Solver setup time:                	4 	s
                        Solver loop time:                 	10 	s
                        Solver post-processing time:      	1 	s
                                                          	------------
                        Total solver time:                	21 	s
                      
                      ------------------------------------------------------------------------------
20/Dec/2023 13:28:46  
                        Adaptive port meshing time:          	14     	s
                        Total solver time (all cycles):      	21     	s
                        Solver initialization and clean-up:  	2      	s
                                                             	------------
                        Total simulation time:               	37     	s
                      
                      ------------------------------------------------------------------------------
20/Dec/2023 13:28:46  Solver finished at: 01:28 PM Wednesday, 20. December 2023
                      
                      
                      
                      ------------------------------------------------------------------------------
20/Dec/2023 13:28:46  The data for field source monitor "field-source (f=2.4)" was written to the
                      file "field-source (f=2.4)_1.fsm".
                      
                      ------------------------------------------------------------------------------
20/Dec/2023 13:28:49  Creating parametric 1D results for Run ID 1
                      
                      ------------------------------------------------------------------------------
